A iniciar leitura de registos Modbus...
Logs serão gravados em: modbus_reader_20251002_221007.log
Pressiona CTRL+C para parar.
A ler registos com FC 3 do PLC 172.27.224.250...
Registos 0 a 9: [0, 0, 0, 0, 0, 0, 35, 0, 0, 0]
Registos 0 a 9: [0, 0, 0, 0, 0, 0, 34, 0, 0, 0]
Registos 0 a 9: [0, 0, 0, 0, 0, 0, 34, 0, 0, 0]
Registos 0 a 9: [0, 0, 0, 0, 0, 0, 33, 0, 0, 0]
Registos 0 a 9: [0, 0, 0, 0, 0, 0, 33, 0, 0, 0]
Registos 0 a 9: [0, 0, 0, 0, 0, 0, 32, 0, 0, 0]
Registos 0 a 9: [0, 0, 0, 0, 0, 0, 33, 0, 0, 0]
Registos 0 a 9: [0, 0, 0, 0, 0, 0, 34, 0, 0, 0]
Registos 0 a 9: [0, 0, 0, 0, 0, 0, 34, 0, 0, 0]
Registos 0 a 9: [0, 0, 0, 0, 0, 0, 35, 0, 0, 0]
Registos 0 a 9: [0, 0, 0, 0, 0, 0, 35, 0, 0, 0]
Registos 0 a 9: [0, 0, 0, 0, 0, 0, 36, 0, 0, 0]
Registos 0 a 9: [0, 0, 0, 0, 0, 0, 36, 0, 0, 0]
Registos 0 a 9: [0, 0, 0, 0, 0, 0, 37, 0, 0, 0]
Registos 0 a 9: [0, 0, 0, 0, 0, 0, 37, 0, 0, 0]
Registos 0 a 9: [0, 0, 0, 0, 0, 0, 37, 0, 0, 0]
Registos 0 a 9: [0, 0, 0, 0, 0, 0, 37, 0, 0, 0]
Registos 0 a 9: [0, 0, 0, 0, 0, 0, 36, 0, 0, 0]
Registos 0 a 9: [0, 0, 0, 0, 0, 0, 36, 0, 0, 0]
Registos 0 a 9: [0, 0, 0, 0, 0, 0, 37, 0, 0, 0]
Registos 0 a 9: [0, 0, 0, 0, 0, 0, 36, 0, 0, 0]
Registos 0 a 9: [0, 0, 0, 0, 0, 0, 36, 0, 0, 0]
Registos 0 a 9: [0, 0, 0, 0, 0, 0, 37, 0, 0, 0]
Registos 0 a 9: [0, 0, 0, 0, 0, 0, 36, 0, 0, 0]
Registos 0 a 9: [0, 0, 0, 0, 0, 0, 36, 0, 0, 0]
Registos 0 a 9: [0, 0, 0, 0, 0, 0, 36, 0, 0, 0]
Registos 0 a 9: [0, 0, 0, 0, 0, 0, 36, 0, 0, 0]
Registos 0 a 9: [0, 0, 0, 0, 0, 0, 37, 0, 0, 0]
Registos 0 a 9: [0, 0, 0, 0, 0, 0, 37, 0, 0, 0]
Registos 0 a 9: [0, 0, 0, 0, 0, 0, 37, 0, 0, 0]
Registos 0 a 9: [0, 0, 0, 0, 0, 0, 36, 0, 0, 0]
Registos 0 a 9: [0, 0, 0, 0, 0, 0, 36, 0, 0, 0]
Registos 0 a 9: [0, 0, 0, 0, 0, 0, 36, 0, 0, 0]
Registos 0 a 9: [0, 0, 0, 0, 0, 0, 36, 0, 0, 0]
Registos 0 a 9: [0, 0, 0, 0, 0, 0, 37, 0, 0, 0]
Registos 0 a 9: [0, 0, 0, 0, 0, 0, 37, 0, 0, 0]
Registos 0 a 9: [0, 0, 0, 0, 0, 0, 37, 0, 0, 0]
Registos 0 a 9: [0, 0, 0, 0, 0, 0, 38, 0, 0, 0]
Registos 0 a 9: [0, 0, 0, 0, 0, 0, 39, 0, 0, 0]
Registos 0 a 9: [0, 0, 0, 0, 0, 0, 38, 0, 0, 0]
Registos 0 a 9: [0, 0, 0, 0, 0, 0, 39, 0, 0, 0]
Registos 0 a 9: [0, 0, 0, 0, 0, 0, 39, 0, 0, 0]
Registos 0 a 9: [0, 0, 0, 0, 0, 0, 39, 0, 0, 0]
Registos 0 a 9: [0, 0, 0, 0, 0, 0, 38, 0, 0, 0]
Registos 0 a 9: [0, 0, 0, 0, 0, 0, 38, 0, 0, 0]
Registos 0 a 9: [0, 0, 0, 0, 0, 0, 38, 0, 0, 0]
Registos 0 a 9: [0, 0, 0, 0, 0, 0, 38, 0, 0, 0]
Registos 0 a 9: [0, 0, 0, 0, 0, 0, 39, 0, 0, 0]
Registos 0 a 9: [0, 0, 0, 0, 0, 0, 39, 0, 0, 0]
Registos 0 a 9: [0, 0, 0, 0, 0, 0, 38, 0, 0, 0]
Registos 0 a 9: [0, 0, 0, 0, 0, 0, 37, 0, 0, 0]
Registos 0 a 9: [0, 0, 0, 0, 0, 0, 38, 0, 0, 0]
Registos 0 a 9: [0, 0, 0, 0, 0, 0, 39, 0, 0, 0]
Registos 0 a 9: [0, 0, 0, 0, 0, 0, 38, 0, 0, 0]
Registos 0 a 9: [0, 0, 0, 0, 0, 0, 38, 0, 0, 0]
Registos 0 a 9: [0, 0, 0, 0, 0, 0, 38, 0, 0, 0]
Registos 0 a 9: [0, 0, 0, 0, 0, 0, 39, 0, 0, 0]
Registos 0 a 9: [0, 0, 0, 0, 0, 0, 39, 0, 0, 0]
Registos 0 a 9: [0, 0, 0, 0, 0, 0, 38, 0, 0, 0]
Registos 0 a 9: [0, 0, 0, 0, 0, 0, 38, 0, 0, 0]
Registos 0 a 9: [0, 0, 0, 0, 0, 0, 39, 0, 0, 0]
Registos 0 a 9: [0, 0, 0, 0, 0, 0, 39, 0, 0, 0]
Registos 0 a 9: [0, 0, 0, 0, 0, 0, 40, 0, 0, 0]
Registos 0 a 9: [0, 0, 0, 0, 0, 0, 39, 0, 0, 0]
Registos 0 a 9: [0, 0, 0, 0, 0, 0, 39, 0, 0, 0]
Registos 0 a 9: [0, 0, 0, 0, 0, 0, 39, 0, 0, 0]
Registos 0 a 9: [0, 0, 0, 0, 0, 0, 39, 0, 0, 0]
Registos 0 a 9: [0, 0, 0, 0, 0, 0, 39, 0, 0, 0]
Registos 0 a 9: [0, 0, 0, 0, 0, 0, 39, 0, 0, 0]
Registos 0 a 9: [0, 0, 0, 0, 0, 0, 38, 0, 0, 0]
Registos 0 a 9: [0, 0, 0, 0, 0, 0, 37, 0, 0, 0]
Registos 0 a 9: [0, 0, 0, 0, 0, 0, 36, 0, 0, 0]
Registos 0 a 9: [0, 0, 0, 0, 0, 0, 36, 0, 0, 0]
Registos 0 a 9: [0, 0, 0, 0, 0, 0, 37, 0, 0, 0]
Registos 0 a 9: [0, 0, 0, 0, 0, 0, 37, 0, 0, 0]
Registos 0 a 9: [0, 0, 0, 0, 0, 0, 37, 0, 0, 0]
Registos 0 a 9: [0, 0, 0, 0, 0, 0, 38, 0, 0, 0]
Registos 0 a 9: [0, 0, 0, 0, 0, 0, 38, 0, 0, 0]
Registos 0 a 9: [0, 0, 0, 0, 0, 0, 37, 0, 0, 0]
Registos 0 a 9: [0, 0, 0, 0, 0, 0, 36, 0, 0, 0]
Registos 0 a 9: [0, 0, 0, 0, 0, 0, 37, 0, 0, 0]
Registos 0 a 9: [0, 0, 0, 0, 0, 0, 37, 0, 0, 0]
Registos 0 a 9: [0, 0, 0, 0, 0, 0, 36, 0, 0, 0]
Registos 0 a 9: [0, 0, 0, 0, 0, 0, 37, 0, 0, 0]
Registos 0 a 9: [0, 0, 0, 0, 0, 0, 37, 0, 0, 0]
Registos 0 a 9: [0, 0, 0, 0, 0, 0, 38, 0, 0, 0]
Registos 0 a 9: [0, 0, 0, 0, 0, 0, 38, 0, 0, 0]
Registos 0 a 9: [0, 0, 0, 0, 0, 0, 38, 0, 0, 0]
Registos 0 a 9: [0, 0, 0, 0, 0, 0, 38, 0, 0, 0]
Registos 0 a 9: [0, 0, 0, 0, 0, 0, 39, 0, 0, 0]
Registos 0 a 9: [0, 0, 0, 0, 0, 0, 38, 0, 0, 0]
Registos 0 a 9: [0, 0, 0, 0, 0, 0, 38, 0, 0, 0]
Registos 0 a 9: [0, 0, 0, 0, 0, 0, 39, 0, 0, 0]
Registos 0 a 9: [0, 0, 0, 0, 0, 0, 39, 0, 0, 0]
Registos 0 a 9: [0, 0, 0, 0, 0, 0, 40, 0, 0, 0]
Registos 0 a 9: [0, 0, 0, 0, 0, 0, 40, 0, 0, 0]
Registos 0 a 9: [0, 0, 0, 0, 0, 0, 40, 0, 0, 0]
Registos 0 a 9: [0, 0, 0, 0, 0, 0, 39, 0, 0, 0]
Registos 0 a 9: [0, 0, 0, 0, 0, 0, 40, 0, 0, 0]
Registos 0 a 9: [0, 0, 0, 0, 0, 0, 39, 0, 0, 0]
Registos 0 a 9: [0, 0, 0, 0, 0, 0, 39, 0, 0, 0]
Registos 0 a 9: [0, 0, 0, 0, 0, 0, 39, 0, 0, 0]
Registos 0 a 9: [0, 0, 0, 0, 0, 0, 40, 0, 0, 0]
Registos 0 a 9: [0, 0, 0, 0, 0, 0, 40, 0, 0, 0]
Registos 0 a 9: [0, 0, 0, 0, 0, 0, 41, 0, 0, 0]
Registos 0 a 9: [0, 0, 0, 0, 0, 0, 41, 0, 0, 0]
Registos 0 a 9: [0, 0, 0, 0, 0, 0, 41, 0, 0, 0]
Registos 0 a 9: [0, 0, 0, 0, 0, 0, 42, 0, 0, 0]
Registos 0 a 9: [0, 0, 0, 0, 0, 0, 42, 0, 0, 0]
Registos 0 a 9: [0, 0, 0, 0, 0, 0, 41, 0, 0, 0]
Registos 0 a 9: [0, 0, 0, 0, 0, 0, 41, 0, 0, 0]
Registos 0 a 9: [0, 0, 0, 0, 0, 0, 41, 0, 0, 0]
Registos 0 a 9: [0, 0, 0, 0, 0, 0, 41, 0, 0, 0]
Registos 0 a 9: [0, 0, 0, 0, 0, 0, 41, 0, 0, 0]
Registos 0 a 9: [0, 0, 0, 0, 0, 0, 40, 0, 0, 0]
Registos 0 a 9: [0, 0, 0, 0, 0, 0, 39, 0, 0, 0]
Registos 0 a 9: [0, 0, 0, 0, 0, 0, 40, 0, 0, 0]
Registos 0 a 9: [0, 0, 0, 0, 0, 0, 39, 0, 0, 0]
Registos 0 a 9: [0, 0, 0, 0, 0, 0, 38, 0, 0, 0]
Registos 0 a 9: [0, 0, 0, 0, 0, 0, 39, 0, 0, 0]
Registos 0 a 9: [0, 0, 0, 0, 0, 0, 38, 0, 0, 0]
Registos 0 a 9: [0, 0, 0, 0, 0, 0, 39, 0, 0, 0]
Registos 0 a 9: [0, 0, 0, 0, 0, 0, 39, 0, 0, 0]
Registos 0 a 9: [0, 0, 0, 0, 0, 0, 38, 0, 0, 0]
Registos 0 a 9: [0, 0, 0, 0, 0, 0, 37, 0, 0, 0]
Registos 0 a 9: [0, 0, 0, 0, 0, 0, 37, 0, 0, 0]
Registos 0 a 9: [0, 0, 0, 0, 0, 0, 37, 0, 0, 0]
Registos 0 a 9: [0, 0, 0, 0, 0, 0, 36, 0, 0, 0]
Registos 0 a 9: [0, 0, 0, 0, 0, 0, 35, 0, 0, 0]
Registos 0 a 9: [0, 0, 0, 0, 0, 0, 36, 0, 0, 0]
Registos 0 a 9: [0, 0, 0, 0, 0, 0, 36, 0, 0, 0]
Registos 0 a 9: [0, 0, 0, 0, 0, 0, 36, 0, 0, 0]
Registos 0 a 9: [0, 0, 0, 0, 0, 0, 35, 0, 0, 0]
Registos 0 a 9: [0, 0, 0, 0, 0, 0, 36, 0, 0, 0]
Registos 0 a 9: [0, 0, 0, 0, 0, 0, 35, 0, 0, 0]
Registos 0 a 9: [0, 0, 0, 0, 0, 0, 36, 0, 0, 0]
Registos 0 a 9: [0, 0, 0, 0, 0, 0, 36, 0, 0, 0]
Registos 0 a 9: [0, 0, 0, 0, 0, 0, 35, 0, 0, 0]
Registos 0 a 9: [0, 0, 0, 0, 0, 0, 36, 0, 0, 0]
Registos 0 a 9: [0, 0, 0, 0, 0, 0, 37, 0, 0, 0]
Registos 0 a 9: [0, 0, 0, 0, 0, 0, 36, 0, 0, 0]
Registos 0 a 9: [0, 0, 0, 0, 0, 0, 36, 0, 0, 0]
Registos 0 a 9: [0, 0, 0, 0, 0, 0, 36, 0, 0, 0]
Registos 0 a 9: [0, 0, 0, 0, 0, 0, 37, 0, 0, 0]
Registos 0 a 9: [0, 0, 0, 0, 0, 0, 36, 0, 0, 0]
Registos 0 a 9: [0, 0, 0, 0, 0, 0, 36, 0, 0, 0]
Registos 0 a 9: [0, 0, 0, 0, 0, 0, 35, 0, 0, 0]
Registos 0 a 9: [0, 0, 0, 0, 0, 0, 34, 0, 0, 0]
Registos 0 a 9: [0, 0, 0, 0, 0, 0, 35, 0, 0, 0]
Registos 0 a 9: [0, 0, 0, 0, 0, 0, 34, 0, 0, 0]
Registos 0 a 9: [0, 0, 0, 0, 0, 0, 34, 0, 0, 0]
Registos 0 a 9: [0, 0, 0, 0, 0, 0, 33, 0, 0, 0]
Registos 0 a 9: [0, 0, 0, 0, 0, 0, 34, 0, 0, 0]
Registos 0 a 9: [0, 0, 0, 0, 0, 0, 35, 0, 0, 0]
Registos 0 a 9: [0, 0, 0, 0, 0, 0, 34, 0, 0, 0]
Registos 0 a 9: [0, 0, 0, 0, 0, 0, 34, 0, 0, 0]
Registos 0 a 9: [0, 0, 0, 0, 0, 0, 35, 0, 0, 0]
Registos 0 a 9: [0, 0, 0, 0, 0, 0, 36, 0, 0, 0]
Registos 0 a 9: [0, 0, 0, 0, 0, 0, 36, 0, 0, 0]
Registos 0 a 9: [0, 0, 0, 0, 0, 0, 37, 0, 0, 0]
Registos 0 a 9: [0, 0, 0, 0, 0, 0, 37, 0, 0, 0]
Registos 0 a 9: [0, 0, 0, 0, 0, 0, 36, 0, 0, 0]
Registos 0 a 9: [0, 0, 0, 0, 0, 0, 35, 0, 0, 0]
Registos 0 a 9: [0, 0, 0, 0, 0, 0, 36, 0, 0, 0]
Registos 0 a 9: [0, 0, 0, 0, 0, 0, 37, 0, 0, 0]
Registos 0 a 9: [0, 0, 0, 0, 0, 0, 37, 0, 0, 0]
Registos 0 a 9: [0, 0, 0, 0, 0, 0, 36, 0, 0, 0]
Registos 0 a 9: [0, 0, 0, 0, 0, 0, 35, 0, 0, 0]
Registos 0 a 9: [0, 0, 0, 0, 0, 0, 34, 0, 0, 0]
Registos 0 a 9: [0, 0, 0, 0, 0, 0, 34, 0, 0, 0]
Registos 0 a 9: [0, 0, 0, 0, 0, 0, 33, 0, 0, 0]
Registos 0 a 9: [0, 0, 0, 0, 0, 0, 34, 0, 0, 0]
Registos 0 a 9: [0, 0, 0, 0, 0, 0, 34, 0, 0, 0]
Registos 0 a 9: [0, 0, 0, 0, 0, 0, 33, 0, 0, 0]
Registos 0 a 9: [0, 0, 0, 0, 0, 0, 34, 0, 0, 0]
Registos 0 a 9: [0, 0, 0, 0, 0, 0, 33, 0, 0, 0]
Registos 0 a 9: [0, 0, 0, 0, 0, 0, 34, 0, 0, 0]
Registos 0 a 9: [0, 0, 0, 0, 0, 0, 33, 0, 0, 0]
Registos 0 a 9: [0, 0, 0, 0, 0, 0, 33, 0, 0, 0]
Registos 0 a 9: [0, 0, 0, 0, 0, 0, 32, 0, 0, 0]
Registos 0 a 9: [0, 0, 0, 0, 0, 0, 31, 0, 0, 0]
Registos 0 a 9: [0, 0, 0, 0, 0, 0, 31, 0, 0, 0]
Registos 0 a 9: [0, 0, 0, 0, 0, 0, 32, 0, 0, 0]
Registos 0 a 9: [0, 0, 0, 0, 0, 0, 32, 0, 0, 0]
Registos 0 a 9: [0, 0, 0, 0, 0, 0, 32, 0, 0, 0]
Registos 0 a 9: [0, 0, 0, 0, 0, 0, 33, 0, 0, 0]
Registos 0 a 9: [0, 0, 0, 0, 0, 0, 33, 0, 0, 0]
Registos 0 a 9: [0, 0, 0, 0, 0, 0, 33, 0, 0, 0]
Registos 0 a 9: [0, 0, 0, 0, 0, 0, 33, 0, 0, 0]
Registos 0 a 9: [0, 0, 0, 0, 0, 0, 34, 0, 0, 0]
Registos 0 a 9: [0, 0, 0, 0, 0, 0, 34, 0, 0, 0]
Registos 0 a 9: [0, 0, 0, 0, 0, 0, 34, 0, 0, 0]
Registos 0 a 9: [0, 0, 0, 0, 0, 0, 33, 0, 0, 0]
Registos 0 a 9: [0, 0, 0, 0, 0, 0, 33, 0, 0, 0]
Registos 0 a 9: [0, 0, 0, 0, 0, 0, 34, 0, 0, 0]
Registos 0 a 9: [0, 0, 0, 0, 0, 0, 35, 0, 0, 0]
Registos 0 a 9: [0, 0, 0, 0, 0, 0, 36, 0, 0, 0]
Registos 0 a 9: [0, 0, 0, 0, 0, 0, 36, 0, 0, 0]
Registos 0 a 9: [0, 0, 0, 0, 0, 0, 36, 0, 0, 0]
Registos 0 a 9: [0, 0, 0, 0, 0, 0, 37, 0, 0, 0]
Registos 0 a 9: [0, 0, 0, 0, 0, 0, 38, 0, 0, 0]
Registos 0 a 9: [0, 0, 0, 0, 0, 0, 38, 0, 0, 0]
Registos 0 a 9: [0, 0, 0, 0, 0, 0, 38, 0, 0, 0]
Registos 0 a 9: [0, 0, 0, 0, 0, 0, 38, 0, 0, 0]
Registos 0 a 9: [0, 0, 0, 0, 0, 0, 38, 0, 0, 0]
Registos 0 a 9: [0, 0, 0, 0, 0, 0, 38, 0, 0, 0]
Registos 0 a 9: [0, 0, 0, 0, 0, 0, 38, 0, 0, 0]
Registos 0 a 9: [0, 0, 0, 0, 0, 0, 38, 0, 0, 0]
Registos 0 a 9: [0, 0, 0, 0, 0, 0, 39, 0, 0, 0]
Registos 0 a 9: [0, 0, 0, 0, 0, 0, 39, 0, 0, 0]
Registos 0 a 9: [0, 0, 0, 0, 0, 0, 38, 0, 0, 0]
Registos 0 a 9: [0, 0, 0, 0, 0, 0, 37, 0, 0, 0]
Registos 0 a 9: [0, 0, 0, 0, 0, 0, 38, 0, 0, 0]
Registos 0 a 9: [0, 0, 0, 0, 0, 0, 38, 0, 0, 0]
Registos 0 a 9: [0, 0, 0, 0, 0, 0, 38, 0, 0, 0]
Registos 0 a 9: [0, 0, 0, 0, 0, 0, 38, 0, 0, 0]
Registos 0 a 9: [0, 0, 0, 0, 0, 0, 38, 0, 0, 0]
Registos 0 a 9: [0, 0, 0, 0, 0, 0, 39, 0, 0, 0]
Registos 0 a 9: [0, 0, 0, 0, 0, 0, 39, 0, 0, 0]
Registos 0 a 9: [0, 0, 0, 0, 0, 0, 39, 0, 0, 0]
Registos 0 a 9: [0, 0, 0, 0, 0, 0, 39, 0, 0, 0]
Registos 0 a 9: [0, 0, 0, 0, 0, 0, 39, 0, 0, 0]
Registos 0 a 9: [0, 0, 0, 0, 0, 0, 38, 0, 0, 0]
Registos 0 a 9: [0, 0, 0, 0, 0, 0, 38, 0, 0, 0]
Registos 0 a 9: [0, 0, 0, 0, 0, 0, 38, 0, 0, 0]
Registos 0 a 9: [0, 0, 0, 0, 0, 0, 39, 0, 0, 0]
Registos 0 a 9: [0, 0, 0, 0, 0, 0, 40, 0, 0, 0]
Registos 0 a 9: [0, 0, 0, 0, 0, 0, 39, 0, 0, 0]
Registos 0 a 9: [0, 0, 0, 0, 0, 0, 39, 0, 0, 0]
Registos 0 a 9: [0, 0, 0, 0, 0, 0, 40, 0, 0, 0]
Registos 0 a 9: [0, 0, 0, 0, 0, 0, 41, 0, 0, 0]
Registos 0 a 9: [0, 0, 0, 0, 0, 0, 40, 0, 0, 0]
Registos 0 a 9: [0, 0, 0, 0, 0, 0, 39, 0, 0, 0]
Registos 0 a 9: [0, 0, 0, 0, 0, 0, 38, 0, 0, 0]
Registos 0 a 9: [0, 0, 0, 0, 0, 0, 37, 0, 0, 0]
Registos 0 a 9: [0, 0, 0, 0, 0, 0, 38, 0, 0, 0]
Registos 0 a 9: [0, 0, 0, 0, 0, 0, 37, 0, 0, 0]
Registos 0 a 9: [0, 0, 0, 0, 0, 0, 37, 0, 0, 0]
Registos 0 a 9: [0, 0, 0, 0, 0, 0, 37, 0, 0, 0]
Registos 0 a 9: [0, 0, 0, 0, 0, 0, 38, 0, 0, 0]
Registos 0 a 9: [0, 0, 0, 0, 0, 0, 37, 0, 0, 0]
Registos 0 a 9: [0, 0, 0, 0, 0, 0, 37, 0, 0, 0]
Registos 0 a 9: [0, 0, 0, 0, 0, 0, 37, 0, 0, 0]
Registos 0 a 9: [0, 0, 0, 0, 0, 0, 38, 0, 0, 0]
Registos 0 a 9: [0, 0, 0, 0, 0, 0, 37, 0, 0, 0]
Registos 0 a 9: [0, 0, 0, 0, 0, 0, 38, 0, 0, 0]
Registos 0 a 9: [0, 0, 0, 0, 0, 0, 38, 0, 0, 0]
Registos 0 a 9: [0, 0, 0, 0, 0, 0, 38, 0, 0, 0]
Registos 0 a 9: [0, 0, 0, 0, 0, 0, 39, 0, 0, 0]
Registos 0 a 9: [0, 0, 0, 0, 0, 0, 38, 0, 0, 0]
Registos 0 a 9: [0, 0, 0, 0, 0, 0, 38, 0, 0, 0]
Registos 0 a 9: [0, 0, 0, 0, 0, 0, 39, 0, 0, 0]
Registos 0 a 9: [0, 0, 0, 0, 0, 0, 39, 0, 0, 0]
Registos 0 a 9: [0, 0, 0, 0, 0, 0, 38, 0, 0, 0]
Registos 0 a 9: [0, 0, 0, 0, 0, 0, 37, 0, 0, 0]
Registos 0 a 9: [0, 0, 0, 0, 0, 0, 37, 0, 0, 0]
Registos 0 a 9: [0, 0, 0, 0, 0, 0, 37, 0, 0, 0]
Registos 0 a 9: [0, 0, 0, 0, 0, 0, 36, 0, 0, 0]
Registos 0 a 9: [0, 0, 0, 0, 0, 0, 37, 0, 0, 0]
Registos 0 a 9: [0, 0, 0, 0, 0, 0, 38, 0, 0, 0]
Registos 0 a 9: [0, 0, 0, 0, 0, 0, 37, 0, 0, 0]
Registos 0 a 9: [0, 0, 0, 0, 0, 0, 37, 0, 0, 0]
Registos 0 a 9: [0, 0, 0, 0, 0, 0, 37, 0, 0, 0]
Registos 0 a 9: [0, 0, 0, 0, 0, 0, 37, 0, 0, 0]
Registos 0 a 9: [0, 0, 0, 0, 0, 0, 38, 0, 0, 0]
Registos 0 a 9: [0, 0, 0, 0, 0, 0, 38, 0, 0, 0]
Registos 0 a 9: [0, 0, 0, 0, 0, 0, 39, 0, 0, 0]
Registos 0 a 9: [0, 0, 0, 0, 0, 0, 38, 0, 0, 0]
Registos 0 a 9: [0, 0, 0, 0, 0, 0, 39, 0, 0, 0]
Registos 0 a 9: [0, 0, 0, 0, 0, 0, 39, 0, 0, 0]
Registos 0 a 9: [0, 0, 0, 0, 0, 0, 39, 0, 0, 0]
Registos 0 a 9: [0, 0, 0, 0, 0, 0, 39, 0, 0, 0]
Registos 0 a 9: [0, 0, 0, 0, 0, 0, 39, 0, 0, 0]
Registos 0 a 9: [0, 0, 0, 0, 0, 0, 39, 0, 0, 0]
Registos 0 a 9: [0, 0, 0, 0, 0, 0, 40, 0, 0, 0]
Registos 0 a 9: [0, 0, 0, 0, 0, 0, 39, 0, 0, 0]
Registos 0 a 9: [0, 0, 0, 0, 0, 0, 40, 0, 0, 0]
Registos 0 a 9: [0, 0, 0, 0, 0, 0, 39, 0, 0, 0]
Registos 0 a 9: [0, 0, 0, 0, 0, 0, 40, 0, 0, 0]
Registos 0 a 9: [0, 0, 0, 0, 0, 0, 40, 0, 0, 0]
Registos 0 a 9: [0, 0, 0, 0, 0, 0, 39, 0, 0, 0]
Registos 0 a 9: [0, 0, 0, 0, 0, 0, 40, 0, 0, 0]
Registos 0 a 9: [0, 0, 0, 0, 0, 0, 39, 0, 0, 0]
Registos 0 a 9: [0, 0, 0, 0, 0, 0, 39, 0, 0, 0]
Registos 0 a 9: [0, 0, 0, 0, 0, 0, 38, 0, 0, 0]
Registos 0 a 9: [0, 0, 0, 0, 0, 0, 38, 0, 0, 0]
Registos 0 a 9: [0, 0, 0, 0, 0, 0, 38, 0, 0, 0]
Registos 0 a 9: [0, 0, 0, 0, 0, 0, 37, 0, 0, 0]
Registos 0 a 9: [0, 0, 0, 0, 0, 0, 37, 0, 0, 0]
Registos 0 a 9: [0, 0, 0, 0, 0, 0, 38, 0, 0, 0]
Registos 0 a 9: [0, 0, 0, 0, 0, 0, 37, 0, 0, 0]
Registos 0 a 9: [0, 0, 0, 0, 0, 0, 38, 0, 0, 0]
Registos 0 a 9: [0, 0, 0, 0, 0, 0, 39, 0, 0, 0]
Registos 0 a 9: [0, 0, 0, 0, 0, 0, 39, 0, 0, 0]
Registos 0 a 9: [0, 0, 0, 0, 0, 0, 39, 0, 0, 0]
Registos 0 a 9: [0, 0, 0, 0, 0, 0, 40, 0, 0, 0]
Registos 0 a 9: [0, 0, 0, 0, 0, 0, 40, 0, 0, 0]
Registos 0 a 9: [0, 0, 0, 0, 0, 0, 40, 0, 0, 0]
Registos 0 a 9: [0, 0, 0, 0, 0, 0, 40, 0, 0, 0]
Registos 0 a 9: [0, 0, 0, 0, 0, 0, 41, 0, 0, 0]
Registos 0 a 9: [0, 0, 0, 0, 0, 0, 41, 0, 0, 0]
Registos 0 a 9: [0, 0, 0, 0, 0, 0, 42, 0, 0, 0]
Registos 0 a 9: [0, 0, 0, 0, 0, 0, 41, 0, 0, 0]
Registos 0 a 9: [0, 0, 0, 0, 0, 0, 42, 0, 0, 0]
Registos 0 a 9: [0, 0, 0, 0, 0, 0, 41, 0, 0, 0]
Registos 0 a 9: [0, 0, 0, 0, 0, 0, 41, 0, 0, 0]
Registos 0 a 9: [0, 0, 0, 0, 0, 0, 39, 0, 0, 0]
Registos 0 a 9: [0, 0, 0, 0, 0, 0, 38, 0, 0, 0]
Registos 0 a 9: [0, 0, 0, 0, 0, 0, 39, 0, 0, 0]
Registos 0 a 9: [0, 0, 0, 0, 0, 0, 38, 0, 0, 0]
Registos 0 a 9: [0, 0, 0, 0, 0, 0, 37, 0, 0, 0]
Registos 0 a 9: [0, 0, 0, 0, 0, 0, 36, 0, 0, 0]
Registos 0 a 9: [0, 0, 0, 0, 0, 0, 37, 0, 0, 0]
Registos 0 a 9: [0, 0, 0, 0, 0, 0, 37, 0, 0, 0]
Registos 0 a 9: [0, 0, 0, 0, 0, 0, 37, 0, 0, 0]
Registos 0 a 9: [0, 0, 0, 0, 0, 0, 36, 0, 0, 0]
Registos 0 a 9: [0, 0, 0, 0, 0, 0, 37, 0, 0, 0]
Registos 0 a 9: [0, 0, 0, 0, 0, 0, 37, 0, 0, 0]
Registos 0 a 9: [0, 0, 0, 0, 0, 0, 36, 0, 0, 0]
Registos 0 a 9: [0, 0, 0, 0, 0, 0, 36, 0, 0, 0]
Registos 0 a 9: [0, 0, 0, 0, 0, 0, 36, 0, 0, 0]
Registos 0 a 9: [0, 0, 0, 0, 0, 0, 36, 0, 0, 0]
Registos 0 a 9: [0, 0, 0, 0, 0, 0, 37, 0, 0, 0]
Registos 0 a 9: [0, 0, 0, 0, 0, 0, 36, 0, 0, 0]
Registos 0 a 9: [0, 0, 0, 0, 0, 0, 36, 0, 0, 0]
Registos 0 a 9: [0, 0, 0, 0, 0, 0, 35, 0, 0, 0]
Registos 0 a 9: [0, 0, 0, 0, 0, 0, 34, 0, 0, 0]
Registos 0 a 9: [0, 0, 0, 0, 0, 0, 34, 0, 0, 0]
Registos 0 a 9: [0, 0, 0, 0, 0, 0, 34, 0, 0, 0]
Registos 0 a 9: [0, 0, 0, 0, 0, 0, 34, 0, 0, 0]
Registos 0 a 9: [0, 0, 0, 0, 0, 0, 33, 0, 0, 0]
Registos 0 a 9: [0, 0, 0, 0, 0, 0, 33, 0, 0, 0]
Registos 0 a 9: [0, 0, 0, 0, 0, 0, 34, 0, 0, 0]
Registos 0 a 9: [0, 0, 0, 0, 0, 0, 33, 0, 0, 0]
Registos 0 a 9: [0, 0, 0, 0, 0, 0, 32, 0, 0, 0]
Registos 0 a 9: [0, 0, 0, 0, 0, 0, 31, 0, 0, 0]
Registos 0 a 9: [0, 0, 0, 0, 0, 0, 32, 0, 0, 0]
Registos 0 a 9: [0, 0, 0, 0, 0, 0, 33, 0, 0, 0]
Registos 0 a 9: [0, 0, 0, 0, 0, 0, 33, 0, 0, 0]
Registos 0 a 9: [0, 0, 0, 0, 0, 0, 33, 0, 0, 0]
Registos 0 a 9: [0, 0, 0, 0, 0, 0, 32, 0, 0, 0]
Registos 0 a 9: [0, 0, 0, 0, 0, 0, 33, 0, 0, 0]
Registos 0 a 9: [0, 0, 0, 0, 0, 0, 32, 0, 0, 0]
Registos 0 a 9: [0, 0, 0, 0, 0, 0, 33, 0, 0, 0]
Registos 0 a 9: [0, 0, 0, 0, 0, 0, 32, 0, 0, 0]
Registos 0 a 9: [0, 0, 0, 0, 0, 0, 33, 0, 0, 0]
Registos 0 a 9: [0, 0, 0, 0, 0, 0, 32, 0, 0, 0]
Registos 0 a 9: [0, 0, 0, 0, 0, 0, 32, 0, 0, 0]
Registos 0 a 9: [0, 0, 0, 0, 0, 0, 31, 0, 0, 0]
Registos 0 a 9: [0, 0, 0, 0, 0, 0, 32, 0, 0, 0]
Registos 0 a 9: [0, 0, 0, 0, 0, 0, 32, 0, 0, 0]
Registos 0 a 9: [0, 0, 0, 0, 0, 0, 33, 0, 0, 0]
Registos 0 a 9: [0, 0, 0, 0, 0, 0, 33, 0, 0, 0]
Registos 0 a 9: [0, 0, 0, 0, 0, 0, 33, 0, 0, 0]
Registos 0 a 9: [0, 0, 0, 0, 0, 0, 33, 0, 0, 0]
Registos 0 a 9: [0, 0, 0, 0, 0, 0, 33, 0, 0, 0]
Registos 0 a 9: [0, 0, 0, 0, 0, 0, 33, 0, 0, 0]
Registos 0 a 9: [0, 0, 0, 0, 0, 0, 34, 0, 0, 0]
Registos 0 a 9: [0, 0, 0, 0, 0, 0, 33, 0, 0, 0]
Registos 0 a 9: [0, 0, 0, 0, 0, 0, 33, 0, 0, 0]
Registos 0 a 9: [0, 0, 0, 0, 0, 0, 33, 0, 0, 0]
Registos 0 a 9: [0, 0, 0, 0, 0, 0, 33, 0, 0, 0]
Registos 0 a 9: [0, 0, 0, 0, 0, 0, 33, 0, 0, 0]
Registos 0 a 9: [0, 0, 0, 0, 0, 0, 33, 0, 0, 0]
Registos 0 a 9: [0, 0, 0, 0, 0, 0, 32, 0, 0, 0]
Registos 0 a 9: [0, 0, 0, 0, 0, 0, 31, 0, 0, 0]
Registos 0 a 9: [0, 0, 0, 0, 0, 0, 31, 0, 0, 0]
Registos 0 a 9: [0, 0, 0, 0, 0, 0, 31, 0, 0, 0]
Registos 0 a 9: [0, 0, 0, 0, 0, 0, 31, 0, 0, 0]
Registos 0 a 9: [0, 0, 0, 0, 0, 0, 31, 0, 0, 0]
Registos 0 a 9: [0, 0, 0, 0, 0, 0, 32, 0, 0, 0]
Registos 0 a 9: [0, 0, 0, 0, 0, 0, 32, 0, 0, 0]
Registos 0 a 9: [0, 0, 0, 0, 0, 0, 33, 0, 0, 0]
Registos 0 a 9: [0, 0, 0, 0, 0, 0, 33, 0, 0, 0]
Registos 0 a 9: [0, 0, 0, 0, 0, 0, 33, 0, 0, 0]
Registos 0 a 9: [0, 0, 0, 0, 0, 0, 33, 0, 0, 0]
Registos 0 a 9: [0, 0, 0, 0, 0, 0, 34, 0, 0, 0]
Registos 0 a 9: [0, 0, 0, 0, 0, 0, 33, 0, 0, 0]
Registos 0 a 9: [0, 0, 0, 0, 0, 0, 32, 0, 0, 0]
Registos 0 a 9: [0, 0, 0, 0, 0, 0, 32, 0, 0, 0]
Registos 0 a 9: [0, 0, 0, 0, 0, 0, 32, 0, 0, 0]
Registos 0 a 9: [0, 0, 0, 0, 0, 0, 31, 0, 0, 0]
Registos 0 a 9: [0, 0, 0, 0, 0, 0, 32, 0, 0, 0]
Registos 0 a 9: [0, 0, 0, 0, 0, 0, 32, 0, 0, 0]
Registos 0 a 9: [0, 0, 0, 0, 0, 0, 33, 0, 0, 0]
Registos 0 a 9: [0, 0, 0, 0, 0, 0, 32, 0, 0, 0]
Registos 0 a 9: [0, 0, 0, 0, 0, 0, 31, 0, 0, 0]
Registos 0 a 9: [0, 0, 0, 0, 0, 0, 32, 0, 0, 0]
Registos 0 a 9: [0, 0, 0, 0, 0, 0, 31, 0, 0, 0]
Registos 0 a 9: [0, 0, 0, 0, 0, 0, 32, 0, 0, 0]
Registos 0 a 9: [0, 0, 0, 0, 0, 0, 33, 0, 0, 0]
Registos 0 a 9: [0, 0, 0, 0, 0, 0, 33, 0, 0, 0]
Registos 0 a 9: [0, 0, 0, 0, 0, 0, 32, 0, 0, 0]
Registos 0 a 9: [0, 0, 0, 0, 0, 0, 32, 0, 0, 0]
Registos 0 a 9: [0, 0, 0, 0, 0, 0, 32, 0, 0, 0]
Registos 0 a 9: [0, 0, 0, 0, 0, 0, 32, 0, 0, 0]
Registos 0 a 9: [0, 0, 0, 0, 0, 0, 33, 0, 0, 0]
Registos 0 a 9: [0, 0, 0, 0, 0, 0, 33, 0, 0, 0]
Registos 0 a 9: [0, 0, 0, 0, 0, 0, 32, 0, 0, 0]
Registos 0 a 9: [0, 0, 0, 0, 0, 0, 31, 0, 0, 0]
Registos 0 a 9: [0, 0, 0, 0, 0, 0, 31, 0, 0, 0]
Registos 0 a 9: [0, 0, 0, 0, 0, 0, 31, 0, 0, 0]
Registos 0 a 9: [0, 0, 0, 0, 0, 0, 31, 0, 0, 0]
Registos 0 a 9: [0, 0, 0, 0, 0, 0, 31, 0, 0, 0]
Registos 0 a 9: [0, 0, 0, 0, 0, 0, 30, 0, 0, 0]
Registos 0 a 9: [0, 0, 0, 0, 0, 0, 31, 0, 0, 0]
Registos 0 a 9: [0, 0, 0, 0, 0, 0, 30, 0, 0, 0]
Registos 0 a 9: [0, 0, 0, 0, 0, 0, 31, 0, 0, 0]
Registos 0 a 9: [0, 0, 0, 0, 0, 0, 32, 0, 0, 0]
Registos 0 a 9: [0, 0, 0, 0, 0, 0, 31, 0, 0, 0]
Registos 0 a 9: [0, 0, 0, 0, 0, 0, 32, 0, 0, 0]
Registos 0 a 9: [0, 0, 0, 0, 0, 0, 32, 0, 0, 0]
Registos 0 a 9: [0, 0, 0, 0, 0, 0, 32, 0, 0, 0]
Registos 0 a 9: [0, 0, 0, 0, 0, 0, 32, 0, 0, 0]
Registos 0 a 9: [0, 0, 0, 0, 0, 0, 31, 0, 0, 0]
Registos 0 a 9: [0, 0, 0, 0, 0, 0, 31, 0, 0, 0]
Registos 0 a 9: [0, 0, 0, 0, 0, 0, 30, 0, 0, 0]
Registos 0 a 9: [0, 0, 0, 0, 0, 0, 30, 0, 0, 0]
Registos 0 a 9: [0, 0, 0, 0, 0, 0, 30, 0, 0, 0]
Registos 0 a 9: [0, 0, 0, 0, 0, 0, 30, 0, 0, 0]
Registos 0 a 9: [0, 0, 0, 0, 0, 0, 30, 0, 0, 0]
Registos 0 a 9: [0, 0, 0, 0, 0, 0, 31, 0, 0, 0]
Registos 0 a 9: [0, 0, 0, 0, 0, 0, 30, 0, 0, 0]
Registos 0 a 9: [0, 0, 0, 0, 0, 0, 30, 0, 0, 0]
Registos 0 a 9: [0, 0, 0, 0, 0, 0, 31, 0, 0, 0]
Registos 0 a 9: [0, 0, 0, 0, 0, 0, 32, 0, 0, 0]
Registos 0 a 9: [0, 0, 0, 0, 0, 0, 32, 0, 0, 0]
Registos 0 a 9: [0, 0, 0, 0, 0, 0, 32, 0, 0, 0]
Registos 0 a 9: [0, 0, 0, 0, 0, 0, 31, 0, 0, 0]
Registos 0 a 9: [0, 0, 0, 0, 0, 0, 32, 0, 0, 0]
Registos 0 a 9: [0, 0, 0, 0, 0, 0, 32, 0, 0, 0]
Registos 0 a 9: [0, 0, 0, 0, 0, 0, 31, 0, 0, 0]
Registos 0 a 9: [0, 0, 0, 0, 0, 0, 31, 0, 0, 0]
Registos 0 a 9: [0, 0, 0, 0, 0, 0, 31, 0, 0, 0]
Registos 0 a 9: [0, 0, 0, 0, 0, 0, 30, 0, 0, 0]
Registos 0 a 9: [0, 0, 0, 0, 0, 0, 30, 0, 0, 0]
Registos 0 a 9: [0, 0, 0, 0, 0, 0, 31, 0, 0, 0]
Registos 0 a 9: [0, 0, 0, 0, 0, 0, 32, 0, 0, 0]
Registos 0 a 9: [0, 0, 0, 0, 0, 0, 33, 0, 0, 0]
Registos 0 a 9: [0, 0, 0, 0, 0, 0, 32, 0, 0, 0]
Registos 0 a 9: [0, 0, 0, 0, 0, 0, 32, 0, 0, 0]
Registos 0 a 9: [0, 0, 0, 0, 0, 0, 32, 0, 0, 0]
Registos 0 a 9: [0, 0, 0, 0, 0, 0, 33, 0, 0, 0]
Registos 0 a 9: [0, 0, 0, 0, 0, 0, 33, 0, 0, 0]
Registos 0 a 9: [0, 0, 0, 0, 0, 0, 33, 0, 0, 0]
Registos 0 a 9: [0, 0, 0, 0, 0, 0, 33, 0, 0, 0]
Registos 0 a 9: [0, 0, 0, 0, 0, 0, 33, 0, 0, 0]
Registos 0 a 9: [0, 0, 0, 0, 0, 0, 32, 0, 0, 0]
Registos 0 a 9: [0, 0, 0, 0, 0, 0, 32, 0, 0, 0]
Registos 0 a 9: [0, 0, 0, 0, 0, 0, 33, 0, 0, 0]
Registos 0 a 9: [0, 0, 0, 0, 0, 0, 32, 0, 0, 0]
Registos 0 a 9: [0, 0, 0, 0, 0, 0, 32, 0, 0, 0]
Registos 0 a 9: [0, 0, 0, 0, 0, 0, 32, 0, 0, 0]
Registos 0 a 9: [0, 0, 0, 0, 0, 0, 32, 0, 0, 0]
Registos 0 a 9: [0, 0, 0, 0, 0, 0, 32, 0, 0, 0]
Registos 0 a 9: [0, 0, 0, 0, 0, 0, 31, 0, 0, 0]
Registos 0 a 9: [0, 0, 0, 0, 0, 0, 31, 0, 0, 0]
Registos 0 a 9: [0, 0, 0, 0, 0, 0, 31, 0, 0, 0]
Registos 0 a 9: [0, 0, 0, 0, 0, 0, 32, 0, 0, 0]
Registos 0 a 9: [0, 0, 0, 0, 0, 0, 32, 0, 0, 0]
Registos 0 a 9: [0, 0, 0, 0, 0, 0, 33, 0, 0, 0]
Registos 0 a 9: [0, 0, 0, 0, 0, 0, 33, 0, 0, 0]
Registos 0 a 9: [0, 0, 0, 0, 0, 0, 34, 0, 0, 0]
Registos 0 a 9: [0, 0, 0, 0, 0, 0, 34, 0, 0, 0]
Registos 0 a 9: [0, 0, 0, 0, 0, 0, 33, 0, 0, 0]
Registos 0 a 9: [0, 0, 0, 0, 0, 0, 34, 0, 0, 0]
Registos 0 a 9: [0, 0, 0, 0, 0, 0, 33, 0, 0, 0]
Registos 0 a 9: [0, 0, 0, 0, 0, 0, 33, 0, 0, 0]
Registos 0 a 9: [0, 0, 0, 0, 0, 0, 33, 0, 0, 0]
Registos 0 a 9: [0, 0, 0, 0, 0, 0, 33, 0, 0, 0]
Registos 0 a 9: [0, 0, 0, 0, 0, 0, 33, 0, 0, 0]
Registos 0 a 9: [0, 0, 0, 0, 0, 0, 33, 0, 0, 0]
Registos 0 a 9: [0, 0, 0, 0, 0, 0, 34, 0, 0, 0]
Registos 0 a 9: [0, 0, 0, 0, 0, 0, 34, 0, 0, 0]
Registos 0 a 9: [0, 0, 0, 0, 0, 0, 34, 0, 0, 0]
Registos 0 a 9: [0, 0, 0, 0, 0, 0, 33, 0, 0, 0]
Registos 0 a 9: [0, 0, 0, 0, 0, 0, 32, 0, 0, 0]
Registos 0 a 9: [0, 0, 0, 0, 0, 0, 32, 0, 0, 0]
Registos 0 a 9: [0, 0, 0, 0, 0, 0, 31, 0, 0, 0]
Registos 0 a 9: [0, 0, 0, 0, 0, 0, 32, 0, 0, 0]
Registos 0 a 9: [0, 0, 0, 0, 0, 0, 33, 0, 0, 0]
Registos 0 a 9: [0, 0, 0, 0, 0, 0, 34, 0, 0, 0]
Registos 0 a 9: [0, 0, 0, 0, 0, 0, 34, 0, 0, 0]
Registos 0 a 9: [0, 0, 0, 0, 0, 0, 35, 0, 0, 0]
Registos 0 a 9: [0, 0, 0, 0, 0, 0, 36, 0, 0, 0]
Registos 0 a 9: [0, 0, 0, 0, 0, 0, 35, 0, 0, 0]
Registos 0 a 9: [0, 0, 0, 0, 0, 0, 35, 0, 0, 0]
Registos 0 a 9: [0, 0, 0, 0, 0, 0, 35, 0, 0, 0]
Registos 0 a 9: [0, 0, 0, 0, 0, 0, 35, 0, 0, 0]
Registos 0 a 9: [0, 0, 0, 0, 0, 0, 36, 0, 0, 0]
Registos 0 a 9: [0, 0, 0, 0, 0, 0, 37, 0, 0, 0]
Registos 0 a 9: [0, 0, 0, 0, 0, 0, 36, 0, 0, 0]
Registos 0 a 9: [0, 0, 0, 0, 0, 0, 36, 0, 0, 0]
Registos 0 a 9: [0, 0, 0, 0, 0, 0, 37, 0, 0, 0]
Registos 0 a 9: [0, 0, 0, 0, 0, 0, 37, 0, 0, 0]
Registos 0 a 9: [0, 0, 0, 0, 0, 0, 38, 0, 0, 0]
Registos 0 a 9: [0, 0, 0, 0, 0, 0, 39, 0, 0, 0]
Registos 0 a 9: [0, 0, 0, 0, 0, 0, 39, 0, 0, 0]
Registos 0 a 9: [0, 0, 0, 0, 0, 0, 39, 0, 0, 0]
Registos 0 a 9: [0, 0, 0, 0, 0, 0, 39, 0, 0, 0]
Registos 0 a 9: [0, 0, 0, 0, 0, 0, 39, 0, 0, 0]
Registos 0 a 9: [0, 0, 0, 0, 0, 0, 40, 0, 0, 0]
Registos 0 a 9: [0, 0, 0, 0, 0, 0, 40, 0, 0, 0]
Registos 0 a 9: [0, 0, 0, 0, 0, 0, 39, 0, 0, 0]
Registos 0 a 9: [0, 0, 0, 0, 0, 0, 39, 0, 0, 0]
Registos 0 a 9: [0, 0, 0, 0, 0, 0, 39, 0, 0, 0]
Registos 0 a 9: [0, 0, 0, 0, 0, 0, 39, 0, 0, 0]
Registos 0 a 9: [0, 0, 0, 0, 0, 0, 39, 0, 0, 0]
Registos 0 a 9: [0, 0, 0, 0, 0, 0, 38, 0, 0, 0]
Registos 0 a 9: [0, 0, 0, 0, 0, 0, 37, 0, 0, 0]
Registos 0 a 9: [0, 0, 0, 0, 0, 0, 37, 0, 0, 0]
Registos 0 a 9: [0, 0, 0, 0, 0, 0, 38, 0, 0, 0]
Registos 0 a 9: [0, 0, 0, 0, 0, 0, 38, 0, 0, 0]
Registos 0 a 9: [0, 0, 0, 0, 0, 0, 37, 0, 0, 0]
Registos 0 a 9: [0, 0, 0, 0, 0, 0, 38, 0, 0, 0]
Registos 0 a 9: [0, 0, 0, 0, 0, 0, 37, 0, 0, 0]
Registos 0 a 9: [0, 0, 0, 0, 0, 0, 37, 0, 0, 0]
Registos 0 a 9: [0, 0, 0, 0, 0, 0, 36, 0, 0, 0]
Registos 0 a 9: [0, 0, 0, 0, 0, 0, 36, 0, 0, 0]
Registos 0 a 9: [0, 0, 0, 0, 0, 0, 36, 0, 0, 0]
Registos 0 a 9: [0, 0, 0, 0, 0, 0, 36, 0, 0, 0]
Registos 0 a 9: [0, 0, 0, 0, 0, 0, 36, 0, 0, 0]
Registos 0 a 9: [0, 0, 0, 0, 0, 0, 36, 0, 0, 0]
Registos 0 a 9: [0, 0, 0, 0, 0, 0, 36, 0, 0, 0]
Registos 0 a 9: [0, 0, 0, 0, 0, 0, 37, 0, 0, 0]
Registos 0 a 9: [0, 0, 0, 0, 0, 0, 36, 0, 0, 0]
Registos 0 a 9: [0, 0, 0, 0, 0, 0, 37, 0, 0, 0]
Registos 0 a 9: [0, 0, 0, 0, 0, 0, 37, 0, 0, 0]
Registos 0 a 9: [0, 0, 0, 0, 0, 0, 38, 0, 0, 0]
Registos 0 a 9: [0, 0, 0, 0, 0, 0, 38, 0, 0, 0]
Registos 0 a 9: [0, 0, 0, 0, 0, 0, 38, 0, 0, 0]
Registos 0 a 9: [0, 0, 0, 0, 0, 0, 39, 0, 0, 0]
Registos 0 a 9: [0, 0, 0, 0, 0, 0, 40, 0, 0, 0]
Registos 0 a 9: [0, 0, 0, 0, 0, 0, 40, 0, 0, 0]
Registos 0 a 9: [0, 0, 0, 0, 0, 0, 39, 0, 0, 0]
Registos 0 a 9: [0, 0, 0, 0, 0, 0, 40, 0, 0, 0]
Registos 0 a 9: [0, 0, 0, 0, 0, 0, 40, 0, 0, 0]
Registos 0 a 9: [0, 0, 0, 0, 0, 0, 39, 0, 0, 0]
Registos 0 a 9: [0, 0, 0, 0, 0, 0, 40, 0, 0, 0]
Registos 0 a 9: [0, 0, 0, 0, 0, 0, 40, 0, 0, 0]
Registos 0 a 9: [0, 0, 0, 0, 0, 0, 39, 0, 0, 0]
Registos 0 a 9: [0, 0, 0, 0, 0, 0, 39, 0, 0, 0]
Registos 0 a 9: [0, 0, 0, 0, 0, 0, 40, 0, 0, 0]
Registos 0 a 9: [0, 0, 0, 0, 0, 0, 41, 0, 0, 0]
Registos 0 a 9: [0, 0, 0, 0, 0, 0, 40, 0, 0, 0]
Registos 0 a 9: [0, 0, 0, 0, 0, 0, 40, 0, 0, 0]
Registos 0 a 9: [0, 0, 0, 0, 0, 0, 40, 0, 0, 0]
Registos 0 a 9: [0, 0, 0, 0, 0, 0, 40, 0, 0, 0]
Registos 0 a 9: [0, 0, 0, 0, 0, 0, 40, 0, 0, 0]
Registos 0 a 9: [0, 0, 0, 0, 0, 0, 39, 0, 0, 0]
Registos 0 a 9: [0, 0, 0, 0, 0, 0, 39, 0, 0, 0]
Registos 0 a 9: [0, 0, 0, 0, 0, 0, 39, 0, 0, 0]
Registos 0 a 9: [0, 0, 0, 0, 0, 0, 38, 0, 0, 0]
Registos 0 a 9: [0, 0, 0, 0, 0, 0, 37, 0, 0, 0]
Registos 0 a 9: [0, 0, 0, 0, 0, 0, 37, 0, 0, 0]
Registos 0 a 9: [0, 0, 0, 0, 0, 0, 37, 0, 0, 0]
Registos 0 a 9: [0, 0, 0, 0, 0, 0, 37, 0, 0, 0]
Registos 0 a 9: [0, 0, 0, 0, 0, 0, 37, 0, 0, 0]
Registos 0 a 9: [0, 0, 0, 0, 0, 0, 37, 0, 0, 0]
Registos 0 a 9: [0, 0, 0, 0, 0, 0, 36, 0, 0, 0]
Registos 0 a 9: [0, 0, 0, 0, 0, 0, 35, 0, 0, 0]
Registos 0 a 9: [0, 0, 0, 0, 0, 0, 35, 0, 0, 0]
Registos 0 a 9: [0, 0, 0, 0, 0, 0, 34, 0, 0, 0]
Registos 0 a 9: [0, 0, 0, 0, 0, 0, 34, 0, 0, 0]
Registos 0 a 9: [0, 0, 0, 0, 0, 0, 33, 0, 0, 0]
Registos 0 a 9: [0, 0, 0, 0, 0, 0, 32, 0, 0, 0]
Registos 0 a 9: [0, 0, 0, 0, 0, 0, 32, 0, 0, 0]
Registos 0 a 9: [0, 0, 0, 0, 0, 0, 33, 0, 0, 0]
Registos 0 a 9: [0, 0, 0, 0, 0, 0, 34, 0, 0, 0]
Registos 0 a 9: [0, 0, 0, 0, 0, 0, 34, 0, 0, 0]
Registos 0 a 9: [0, 0, 0, 0, 0, 0, 34, 0, 0, 0]
Registos 0 a 9: [0, 0, 0, 0, 0, 0, 33, 0, 0, 0]
Registos 0 a 9: [0, 0, 0, 0, 0, 0, 32, 0, 0, 0]
Registos 0 a 9: [0, 0, 0, 0, 0, 0, 33, 0, 0, 0]
Registos 0 a 9: [0, 0, 0, 0, 0, 0, 33, 0, 0, 0]
Registos 0 a 9: [0, 0, 0, 0, 0, 0, 33, 0, 0, 0]
Registos 0 a 9: [0, 0, 0, 0, 0, 0, 34, 0, 0, 0]
Registos 0 a 9: [0, 0, 0, 0, 0, 0, 35, 0, 0, 0]
Registos 0 a 9: [0, 0, 0, 0, 0, 0, 35, 0, 0, 0]
Registos 0 a 9: [0, 0, 0, 0, 0, 0, 35, 0, 0, 0]
Registos 0 a 9: [0, 0, 0, 0, 0, 0, 35, 0, 0, 0]
Registos 0 a 9: [0, 0, 0, 0, 0, 0, 36, 0, 0, 0]
Registos 0 a 9: [0, 0, 0, 0, 0, 0, 36, 0, 0, 0]
Registos 0 a 9: [0, 0, 0, 0, 0, 0, 35, 0, 0, 0]
Registos 0 a 9: [0, 0, 0, 0, 0, 0, 35, 0, 0, 0]
Registos 0 a 9: [0, 0, 0, 0, 0, 0, 35, 0, 0, 0]
Registos 0 a 9: [0, 0, 0, 0, 0, 0, 35, 0, 0, 0]
Registos 0 a 9: [0, 0, 0, 0, 0, 0, 34, 0, 0, 0]
